********************************************************************************
PACKAGE-LOG: 2015-11-08 21:28:40
NOTICE: Do NOT post to public sites or forums 
********************************************************************************
VERSION:	0.5.34
WORDPRESS:	4.3.1
PHP INFO:	5.4.45 | SAPI: cgi-fcgi
SERVER:		Apache 
PHP TIME LIMIT: (0) no time limit imposed 
PHP MAX MEMORY: 5000M (256M default) 
MEMORY STACK: 47MB 

********************************************************************************
DATABASE:
********************************************************************************
BUILD MODE:   PHP(query limit - 100)
MYSQLTIMEOUT: 5000
MYSQLDUMP:    Is Supported 
TABLES: total:64 | filtered:0 | create:64 
FILTERED: [] 
SQL CREATED: 20151108_how2behealthy_563fbe512245b1810151108212745_database.sql 
file size:5802771 
SQL FILE SIZE: 5.53MB 
SQL FILE TIME: 2015-11-08 21:28:41 
SQL RUNTIME: 0.56 sec. 

******************************************************************************** 
ARCHIVE (ZIP): 
******************************************************************************** 
ARCHIVE DIR:  /home2/hossein/public_html/how2behealthy.nl 
ARCHIVE FILE: 20151108_how2behealthy_563fbe512245b1810151108212745_archive.zip 
FILTERS: *OFF* 
DIRS:  not set 
EXTS:  not set 
---------------------------------------- 
COMPRESSING 
SIZE:	258.03MB 
STATS:	Dirs 797 | Files 6,675 
SQL ADDED: 20151108_how2behealthy_563fbe512245b1810151108212745_database.sql 
ZipArchive Object
(
    [status] => 0
    [statusSys] => 0
    [numFiles] => 7472
    [filename] => /home2/hossein/public_html/how2behealthy.nl/wp-snapshots/tmp/20151108_how2behealthy_563fbe512245b1810151108212745_archive.zip
    [comment] => 
)
 
COMPRESSION RESULT: '1' 
COMPRESSED SIZE: 192.01MB 
ARCHIVE RUNTIME: 29.55 sec. 
MEMORY STACK: 50.25MB 

******************************************************************************** 
MAKE INSTALLER: 
******************************************************************************** 
Build Start 
Build Finished 
Preping for use 
Template parsed with new data 
Complete [/home2/hossein/public_html/how2behealthy.nl/wp-snapshots/tmp/20151108_how2behealthy_563fbe512245b1810151108212745_installer.php] 
Added to archive 

******************************************************************************** 
INTEGRITY CHECKS: 
******************************************************************************** 
SQL File: 5.53MB 
Installer File: 317.99KB 
Archive File: 192.01MB  

********************************************************************************
RECORD ID:[1]
TOTAL PROCESS RUNTIME: 33.35 sec.
PEAK PHP MEMORY USED: 52.25MB
DONE PROCESSING => 20151108_how2behealthy 2015-11-08 21:29:13
 
